<?xml version="1.0" encoding="UTF-8"?>
<testng-results ignored="0" total="1" passed="1" failed="0" skipped="0">
  <reporter-output>
  </reporter-output>
  <suite started-at="2024-06-17T13:45:18 IST" name="Default suite" finished-at="2024-06-17T13:45:22 IST" duration-ms="4152">
    <groups>
    </groups>
    <test started-at="2024-06-17T13:45:18 IST" name="Default test" finished-at="2024-06-17T13:45:22 IST" duration-ms="4152">
      <class name="pojo.SpecBuilder">
        <test-method signature="objectToJson()[pri:0, instance:pojo.SpecBuilder@6253c26]" started-at="2024-06-17T13:45:18 IST" name="objectToJson" finished-at="2024-06-17T13:45:22 IST" duration-ms="4072" status="PASS">
          <reporter-output>
          </reporter-output>
        </test-method> <!-- objectToJson -->
      </class> <!-- pojo.SpecBuilder -->
    </test> <!-- Default test -->
  </suite> <!-- Default suite -->
</testng-results>
